This is pdfTeX, Version 3.1415926-1.40.10 (TeX Live 2009/Debian) (format=pdflatex 2013.6.14)  27 NOV 2015 14:41
entering extended mode
 %&-line parsing enabled.
**Untitled.tex
(./Untitled.tex
LaTeX2e <2009/09/24>
Babel <v3.8l> and hyphenation patterns for english, usenglishmax, dumylang, noh
yphenation, loaded.
(/usr/share/texmf-texlive/tex/latex/base/article.cls
Document Class: article 2007/10/19 v1.4h Standard LaTeX document class
(/usr/share/texmf-texlive/tex/latex/base/size11.clo
File: size11.clo 2007/10/19 v1.4h Standard LaTeX file (size option)
)
\c@part=\count79
\c@section=\count80
\c@subsection=\count81
\c@subsubsection=\count82
\c@paragraph=\count83
\c@subparagraph=\count84
\c@figure=\count85
\c@table=\count86
\abovecaptionskip=\skip41
\belowcaptionskip=\skip42
\bibindent=\dimen102
)
(/usr/share/texmf-texlive/tex/latex/geometry/geometry.sty
Package: geometry 2008/12/21 v4.2 Page Geometry

(/usr/share/texmf-texlive/tex/latex/graphics/keyval.sty
Package: keyval 1999/03/16 v1.13 key=value parser (DPC)
\KV@toks@=\toks14
)
(/usr/share/texmf-texlive/tex/generic/oberdiek/ifpdf.sty
Package: ifpdf 2009/04/10 v2.0 Provides the ifpdf switch (HO)
Package ifpdf Info: pdfTeX in pdf mode detected.
)
(/usr/share/texmf-texlive/tex/generic/oberdiek/ifvtex.sty
Package: ifvtex 2008/11/04 v1.4 Switches for detecting VTeX and its modes (HO)
Package ifvtex Info: VTeX not detected.
)
\Gm@cnth=\count87
\Gm@cntv=\count88
\c@Gm@tempcnt=\count89
\Gm@bindingoffset=\dimen103
\Gm@wd@mp=\dimen104
\Gm@odd@mp=\dimen105
\Gm@even@mp=\dimen106
\Gm@dimlist=\toks15
)
(/usr/share/texmf-texlive/tex/latex/ltxmisc/parskip.sty
Package: parskip 2001/04/09 non-zero parskip adjustments
)
(/usr/share/texmf-texlive/tex/latex/graphics/graphicx.sty
Package: graphicx 1999/02/16 v1.0f Enhanced LaTeX Graphics (DPC,SPQR)

(/usr/share/texmf-texlive/tex/latex/graphics/graphics.sty
Package: graphics 2009/02/05 v1.0o Standard LaTeX Graphics (DPC,SPQR)

(/usr/share/texmf-texlive/tex/latex/graphics/trig.sty
Package: trig 1999/03/16 v1.09 sin cos tan (DPC)
)
(/etc/texmf/tex/latex/config/graphics.cfg
File: graphics.cfg 2009/08/28 v1.8 graphics configuration of TeX Live
)
Package graphics Info: Driver file: pdftex.def on input line 91.

(/usr/share/texmf-texlive/tex/latex/pdftex-def/pdftex.def
File: pdftex.def 2010/03/12 v0.04p Graphics/color for pdfTeX
\Gread@gobject=\count90
))
\Gin@req@height=\dimen107
\Gin@req@width=\dimen108
)
(/usr/share/texmf-texlive/tex/latex/enumitem/enumitem.sty
Package: enumitem 2009/05/18 v2.2 Customized lists
\enit@toks=\toks16
\labelindent=\skip43
\enit@outerparindent=\dimen109
\enitdp@desc=\count91
)
(/usr/share/texmf-texlive/tex/latex/amsfonts/amssymb.sty
Package: amssymb 2009/06/22 v3.00

(/usr/share/texmf-texlive/tex/latex/amsfonts/amsfonts.sty
Package: amsfonts 2009/06/22 v3.00 Basic AMSFonts support
\@emptytoks=\toks17
\symAMSa=\mathgroup4
\symAMSb=\mathgroup5
LaTeX Font Info:    Overwriting math alphabet `\mathfrak' in version `bold'
(Font)                  U/euf/m/n --> U/euf/b/n on input line 96.
))
(/usr/share/texmf-texlive/tex/latex/float/float.sty
Package: float 2001/11/08 v1.3d Float enhancements (AL)
\c@float@type=\count92
\float@exts=\toks18
\float@box=\box26
\@float@everytoks=\toks19
\@floatcapt=\box27
) (./Untitled.aux)
\openout1 = `Untitled.aux'.

LaTeX Font Info:    Checking defaults for OML/cmm/m/it on input line 15.
LaTeX Font Info:    ... okay on input line 15.
LaTeX Font Info:    Checking defaults for T1/cmr/m/n on input line 15.
LaTeX Font Info:    ... okay on input line 15.
LaTeX Font Info:    Checking defaults for OT1/cmr/m/n on input line 15.
LaTeX Font Info:    ... okay on input line 15.
LaTeX Font Info:    Checking defaults for OMS/cmsy/m/n on input line 15.
LaTeX Font Info:    ... okay on input line 15.
LaTeX Font Info:    Checking defaults for OMX/cmex/m/n on input line 15.
LaTeX Font Info:    ... okay on input line 15.
LaTeX Font Info:    Checking defaults for U/cmr/m/n on input line 15.
LaTeX Font Info:    ... okay on input line 15.

*geometry auto-detecting driver*
*geometry detected driver: pdftex*
-------------------- Geometry parameters
paper: a4paper
landscape: --
twocolumn: --
twoside: --
asymmetric: --
h-parts: 89.62709pt, 0.7\paperwidth , 89.6271pt (default)
v-parts: 101.40665pt, 0.7\paperheight , 152.11pt (default)
hmarginratio: 1:1
vmarginratio: 2:3
lines: --
heightrounded: --
bindingoffset: 0.0pt
truedimen: --
includehead: --
includefoot: --
includemp: --
driver: pdftex
-------------------- Page layout dimensions and switches
\paperwidth  597.50787pt
\paperheight 845.04684pt
\textwidth  418.25368pt
\textheight 591.5302pt
\oddsidemargin  17.3571pt
\evensidemargin 17.3571pt
\topmargin  -7.86334pt
\headheight 12.0pt
\headsep    25.0pt
\footskip   30.0pt
\marginparwidth 59.0pt
\marginparsep   10.0pt
\columnsep  10.0pt
\skip\footins  10.0pt plus 4.0pt minus 2.0pt
\hoffset 0.0pt
\voffset 0.0pt
\mag 1000

(1in=72.27pt, 1cm=28.45pt)
-----------------------
(/usr/share/texmf-texlive/tex/context/base/supp-pdf.mkii
[Loading MPS to PDF converter (version 2006.09.02).]
\scratchcounter=\count93
\scratchdimen=\dimen110
\scratchbox=\box28
\nofMPsegments=\count94
\nofMParguments=\count95
\everyMPshowfont=\toks20
\MPscratchCnt=\count96
\MPscratchDim=\dimen111
\MPnumerator=\count97
\everyMPtoPDFconversion=\toks21
)
LaTeX Font Info:    Try loading font information for U+msa on input line 16.
 (/usr/share/texmf-texlive/tex/latex/amsfonts/umsa.fd
File: umsa.fd 2009/06/22 v3.00 AMS symbols A
)
LaTeX Font Info:    Try loading font information for U+msb on input line 16.

(/usr/share/texmf-texlive/tex/latex/amsfonts/umsb.fd
File: umsb.fd 2009/06/22 v3.00 AMS symbols B
)
<TITLE.png, id=1, 715.67375pt x 260.975pt>
File: TITLE.png Graphic file (type png)
 <use TITLE.png> [1

{/var/lib/texmf/fonts/map/pdftex/updmap/pdftex.map} <./TITLE.png>]
LaTeX Font Info:    Try loading font information for OMS+cmr on input line 31.

(/usr/share/texmf-texlive/tex/latex/base/omscmr.fd
File: omscmr.fd 1999/05/25 v2.5h Standard LaTeX font definitions
)
LaTeX Font Info:    Font shape `OMS/cmr/m/n' in size <10.95> not available
(Font)              Font shape `OMS/cmsy/m/n' tried instead on input line 31.
 [2]
<HTMLTREE2.png, id=16, 1065.9825pt x 431.6125pt>
File: HTMLTREE2.png Graphic file (type png)
 <use HTMLTREE2.png> [3 <./HTMLTREE2.png>]
Underfull \hbox (badness 10000) in paragraph at lines 74--75
[]\OT1/cmtt/m/n/10.95 Check if all child notes are all within a threshold of
 []


Underfull \hbox (badness 10000) in paragraph at lines 75--76
[]\OT1/cmtt/m/n/10.95 Check there are more than a required threshold number of 
child
 []


Underfull \hbox (badness 10000) in paragraph at lines 76--77
[]\OT1/cmtt/m/n/10.95 Check the average similarity between child nodes is above
 a
 []


Underfull \hbox (badness 10000) in paragraph at lines 77--78
[]\OT1/cmtt/m/n/10.95 Check that the proportion of child nodes that are conside
red
 []


Underfull \hbox (badness 10000) in paragraph at lines 79--80
[]\OT1/cmtt/m/n/10.95 If all of (a)-(d) are true, this node contains the requir
ed data
 []


Underfull \hbox (badness 10000) in paragraph at lines 79--80
\OT1/cmtt/m/n/10.95 and the XPath has been found. Otherwise, move down to the c
hild
 []

[4] <CAMSIM.png, id=26, 2011.515pt x 608.2725pt>
File: CAMSIM.png Graphic file (type png)
 <use CAMSIM.png>
Overfull \hbox (44.38504pt too wide) in paragraph at lines 99--100
 [][] 
 []


Overfull \hbox (23.54643pt too wide) in paragraph at lines 103--104
\OT1/cmr/m/n/10.95 vided by Uni-ver-sity of Chem-istry De-part-ment at  \OT1/cm
tt/m/n/10.95 http://www.ch.cam.ac.uk/publications
 []

[5 <./CAMSIM.png>] <DOI2.png, id=31, 1987.425pt x 885.3075pt>
File: DOI2.png Graphic file (type png)
 <use DOI2.png>
[6]
Underfull \hbox (badness 10000) in paragraph at lines 130--131
[]\OT1/cmtt/m/n/10.95 Use collected DOIs and DOI.org re-routing service to acce
ss
 []


Underfull \hbox (badness 10000) in paragraph at lines 131--132
[]\OT1/cmtt/m/n/10.95 Extract useful, freely available article data: Title, Aut
hors,
 []

[7 <./DOI2.png>]
LaTeX Font Info:    Try loading font information for OML+cmr on input line 135.

 (/usr/share/texmf-texlive/tex/latex/base/omlcmr.fd
File: omlcmr.fd 1999/05/25 v2.5h Standard LaTeX font definitions
)
LaTeX Font Info:    Font shape `OML/cmr/m/n' in size <10.95> not available
(Font)              Font shape `OML/cmm/m/it' tried instead on input line 135.

<CHERRY.png, id=40, 3016.26875pt x 2007.5pt>
File: CHERRY.png Graphic file (type png)
 <use CHERRY.png>
Overfull \hbox (34.16711pt too wide) in paragraph at lines 141--142
 [][] 
 []

[8 <./CHERRY.png>] <KINGQUEEN.png, id=46, 268.3626pt x 247.6452pt>
File: KINGQUEEN.png Graphic file (type png)

<use KINGQUEEN.png> [9] [10 <./KINGQUEEN.png>]
<CORPUSGEN.png, id=55, 3016.26875pt x 349.305pt>
File: CORPUSGEN.png Graphic file (type png)
 <use CORPUSGEN.png>
Overfull \hbox (4.02107pt too wide) in paragraph at lines 178--179
 [][] 
 []

<ORANGESLEMONS.png, id=56, 3016.26875pt x 1284.8pt>
File: ORANGESLEMONS.png Graphic file (type png)
 <use ORANGESLEMONS.png>
Overfull \hbox (4.02107pt too wide) in paragraph at lines 185--186
 [][] 
 []

[11 <./CORPUSGEN.png> <./ORANGESLEMONS.png>] [12] [13]
Overfull \hbox (29.93126pt too wide) in paragraph at lines 219--219
 [] \OT1/cmtt/m/n/10.95 http://www.jaspersoft.com/press/jaspersoft-publishes-se
cond-big-data-index 
 []


Overfull \hbox (242.6327pt too wide) in paragraph at lines 228--228
 []\OT1/cmtt/m/n/10.95 http://papers.nips.cc/paper/5021-distributed-representat
ions-of-words-and-phrases-and-their-compositionality.pdf 
 []

[14] (./Untitled.aux) ) 
Here is how much of TeX's memory you used:
 1924 strings out of 495061
 25321 string characters out of 1182621
 77203 words of memory out of 3000000
 5091 multiletter control sequences out of 15000+50000
 12487 words of font info for 47 fonts, out of 3000000 for 9000
 28 hyphenation exceptions out of 8191
 25i,7n,24p,1283b,216s stack positions out of 5000i,500n,10000p,200000b,50000s
</usr/share/texmf-texlive/fonts/type1/public/amsfonts/cm
/cmbx10.pfb></usr/share/texmf-texlive/fonts/type1/public/amsfonts/cm/cmbx12.pfb
></usr/share/texmf-texlive/fonts/type1/public/amsfonts/cm/cmbx8.pfb></usr/share
/texmf-texlive/fonts/type1/public/amsfonts/cm/cmex10.pfb></usr/share/texmf-texl
ive/fonts/type1/public/amsfonts/cm/cmmi10.pfb></usr/share/texmf-texlive/fonts/t
ype1/public/amsfonts/cm/cmmi8.pfb></usr/share/texmf-texlive/fonts/type1/public/
amsfonts/cm/cmr10.pfb></usr/share/texmf-texlive/fonts/type1/public/amsfonts/cm/
cmr12.pfb></usr/share/texmf-texlive/fonts/type1/public/amsfonts/cm/cmr17.pfb></
usr/share/texmf-texlive/fonts/type1/public/amsfonts/cm/cmr8.pfb></usr/share/tex
mf-texlive/fonts/type1/public/amsfonts/cm/cmsy10.pfb></usr/share/texmf-texlive/
fonts/type1/public/amsfonts/cm/cmti10.pfb></usr/share/texmf-texlive/fonts/type1
/public/amsfonts/cm/cmtt10.pfb>
Output written on Untitled.pdf (14 pages, 1301950 bytes).
PDF statistics:
 117 PDF objects out of 1000 (max. 8388607)
 0 named destinations out of 1000 (max. 500000)
 41 words of extra memory for PDF output out of 10000 (max. 10000000)

